2026.04.14 16:16:27 INFO  Started: Metals version 1.6.7 in folders '/home/notebook/Documentos/gdsi/GestorAlquileres' for client Visual Studio Code 1.114.0.[0m
2026.04.14 16:16:27 INFO  Memory monitor started[0m
2026.04.14 16:16:28 WARN  Using H2 2.4.240 which is newer than the version Flyway has been verified with. The latest verified version of H2 is 2.3.232.[0m
2026.04.14 16:16:28 INFO  no build target found for /home/notebook/Documentos/gdsi/GestorAlquileres/backend/src/main/java/com/gestion/tpbackend/controller/EdificioController.java. Using fallback presentation compiler.[0m
abr 14, 2026 4:18:54 P. M. org.eclipse.lsp4j.jsonrpc.services.GenericEndpoint notify
INFORMACIÓN: Unsupported notification method: $/setTrace
2026.04.14 16:20:47 INFO  no build target found for /home/notebook/Documentos/gdsi/GestorAlquileres/backend/src/main/java/com/gestion/tpbackend/service/UsuarioService.java. Using fallback presentation compiler.[0m
2026.04.14 16:22:20 INFO  no build target found for /home/notebook/Documentos/gdsi/GestorAlquileres/backend/src/main/java/com/gestion/tpbackend/service/EdificioService.java. Using fallback presentation compiler.[0m
2026.04.14 16:22:39 INFO  no build target found for /home/notebook/Documentos/gdsi/GestorAlquileres/backend/src/main/java/com/gestion/tpbackend/service/UsuarioService.java. Using fallback presentation compiler.[0m
2026.04.14 16:23:43 INFO  no build target found for /home/notebook/Documentos/gdsi/GestorAlquileres/backend/src/main/java/com/gestion/tpbackend/service/UsuarioService.java. Using fallback presentation compiler.[0m
2026.04.14 16:23:47 INFO  no build target found for /home/notebook/Documentos/gdsi/GestorAlquileres/backend/src/main/java/com/gestion/tpbackend/service/UsuarioService.java. Using fallback presentation compiler.[0m
2026.04.14 16:25:19 INFO  no build target found for /home/notebook/Documentos/gdsi/GestorAlquileres/backend/src/main/java/com/gestion/tpbackend/service/EdificioService.java. Using fallback presentation compiler.[0m
2026.04.14 16:26:51 INFO  no build target found for /home/notebook/Documentos/gdsi/GestorAlquileres/backend/src/main/java/com/gestion/tpbackend/service/UsuarioService.java. Using fallback presentation compiler.[0m
2026.04.14 16:29:53 INFO  no build target found for /home/notebook/Documentos/gdsi/GestorAlquileres/backend/src/main/java/com/gestion/tpbackend/service/UsuarioService.java. Using fallback presentation compiler.[0m
2026.04.14 16:30:32 INFO  no build target found for /home/notebook/Documentos/gdsi/GestorAlquileres/backend/src/main/java/com/gestion/tpbackend/repository/UnidadRepository.java. Using fallback presentation compiler.[0m
2026.04.14 16:31:30 INFO  no build target found for /home/notebook/Documentos/gdsi/GestorAlquileres/backend/src/main/java/com/gestion/tpbackend/repository/EdificioRepository.java. Using fallback presentation compiler.[0m
2026.04.14 16:31:32 INFO  no build target found for /home/notebook/Documentos/gdsi/GestorAlquileres/backend/src/main/java/com/gestion/tpbackend/repository/UsuarioRepository.java. Using fallback presentation compiler.[0m
2026.04.14 16:31:42 INFO  no build target found for /home/notebook/Documentos/gdsi/GestorAlquileres/backend/src/main/java/com/gestion/tpbackend/repository/ContratoRepository.java. Using fallback presentation compiler.[0m
2026.04.14 16:31:42 INFO  no build target found for /home/notebook/Documentos/gdsi/GestorAlquileres/backend/src/main/java/com/gestion/tpbackend/repository/ContratoRepository.java. Using fallback presentation compiler.[0m
2026.04.14 16:31:43 WARN  no build target for: /home/notebook/Documentos/gdsi/GestorAlquileres/backend/src/main/java/com/gestion/tpbackend/repository/ContratoRepository.java[0m
2026.04.14 16:31:46 INFO  no build target found for /home/notebook/Documentos/gdsi/GestorAlquileres/backend/src/main/java/com/gestion/tpbackend/repository/UsuarioRepository.java. Using fallback presentation compiler.[0m
2026.04.14 16:31:47 INFO  no build target found for /home/notebook/Documentos/gdsi/GestorAlquileres/backend/src/main/java/com/gestion/tpbackend/repository/ContratoRepository.java. Using fallback presentation compiler.[0m
2026.04.14 16:31:47 INFO  no build target found for /home/notebook/Documentos/gdsi/GestorAlquileres/backend/src/main/java/com/gestion/tpbackend/repository/ContratoRepository.java. Using fallback presentation compiler.[0m
2026.04.14 16:31:47 INFO  no build target found for /home/notebook/Documentos/gdsi/GestorAlquileres/backend/src/main/java/com/gestion/tpbackend/repository/UsuarioRepository.java. Using fallback presentation compiler.[0m
2026.04.14 16:31:48 INFO  no build target found for /home/notebook/Documentos/gdsi/GestorAlquileres/backend/src/main/java/com/gestion/tpbackend/repository/ContratoRepository.java. Using fallback presentation compiler.[0m
2026.04.14 16:31:48 INFO  no build target found for /home/notebook/Documentos/gdsi/GestorAlquileres/backend/src/main/java/com/gestion/tpbackend/repository/ContratoRepository.java. Using fallback presentation compiler.[0m
2026.04.14 16:31:48 INFO  no build target found for /home/notebook/Documentos/gdsi/GestorAlquileres/backend/src/main/java/com/gestion/tpbackend/repository/UsuarioRepository.java. Using fallback presentation compiler.[0m
2026.04.14 16:31:48 INFO  no build target found for /home/notebook/Documentos/gdsi/GestorAlquileres/backend/src/main/java/com/gestion/tpbackend/repository/ContratoRepository.java. Using fallback presentation compiler.[0m
2026.04.14 16:31:49 INFO  no build target found for /home/notebook/Documentos/gdsi/GestorAlquileres/backend/src/main/java/com/gestion/tpbackend/repository/ContratoRepository.java. Using fallback presentation compiler.[0m
2026.04.14 16:31:51 INFO  no build target found for /home/notebook/Documentos/gdsi/GestorAlquileres/backend/src/main/java/com/gestion/tpbackend/repository/UsuarioRepository.java. Using fallback presentation compiler.[0m
2026.04.14 16:31:52 INFO  no build target found for /home/notebook/Documentos/gdsi/GestorAlquileres/backend/src/main/java/com/gestion/tpbackend/repository/ContratoRepository.java. Using fallback presentation compiler.[0m
2026.04.14 16:31:52 INFO  no build target found for /home/notebook/Documentos/gdsi/GestorAlquileres/backend/src/main/java/com/gestion/tpbackend/repository/ContratoRepository.java. Using fallback presentation compiler.[0m
2026.04.14 16:32:48 INFO  no build target found for /home/notebook/Documentos/gdsi/GestorAlquileres/backend/src/main/java/com/gestion/tpbackend/entity/Contrato.java. Using fallback presentation compiler.[0m
2026.04.14 16:32:48 INFO  no build target found for /home/notebook/Documentos/gdsi/GestorAlquileres/backend/src/main/java/com/gestion/tpbackend/entity/Contrato.java. Using fallback presentation compiler.[0m
2026.04.14 16:32:48 INFO  no build target found for /home/notebook/Documentos/gdsi/GestorAlquileres/backend/src/main/java/com/gestion/tpbackend/entity/Contrato.java. Using fallback presentation compiler.[0m
2026.04.14 16:32:49 WARN  no build target for: /home/notebook/Documentos/gdsi/GestorAlquileres/backend/src/main/java/com/gestion/tpbackend/entity/Contrato.java[0m
2026.04.14 16:32:54 INFO  no build target found for /home/notebook/Documentos/gdsi/GestorAlquileres/backend/src/main/java/com/gestion/tpbackend/service/UsuarioService.java. Using fallback presentation compiler.[0m
2026.04.14 16:33:03 INFO  no build target found for /home/notebook/Documentos/gdsi/GestorAlquileres/backend/src/main/java/com/gestion/tpbackend/entity/Contrato.java. Using fallback presentation compiler.[0m
2026.04.14 16:33:04 INFO  no build target found for /home/notebook/Documentos/gdsi/GestorAlquileres/backend/src/main/java/com/gestion/tpbackend/entity/Contrato.java. Using fallback presentation compiler.[0m
2026.04.14 16:33:04 INFO  no build target found for /home/notebook/Documentos/gdsi/GestorAlquileres/backend/src/main/java/com/gestion/tpbackend/entity/Contrato.java. Using fallback presentation compiler.[0m
2026.04.14 16:33:03 INFO  no build target found for /home/notebook/Documentos/gdsi/GestorAlquileres/backend/src/main/java/com/gestion/tpbackend/entity/Contrato.java. Using fallback presentation compiler.[0m
2026.04.14 16:33:04 INFO  no build target found for /home/notebook/Documentos/gdsi/GestorAlquileres/backend/src/main/java/com/gestion/tpbackend/entity/Contrato.java. Using fallback presentation compiler.[0m
2026.04.14 16:33:04 INFO  no build target found for /home/notebook/Documentos/gdsi/GestorAlquileres/backend/src/main/java/com/gestion/tpbackend/entity/Contrato.java. Using fallback presentation compiler.[0m
2026.04.14 16:33:05 INFO  no build target found for /home/notebook/Documentos/gdsi/GestorAlquileres/backend/src/main/java/com/gestion/tpbackend/entity/Contrato.java. Using fallback presentation compiler.[0m
2026.04.14 16:33:04 INFO  no build target found for /home/notebook/Documentos/gdsi/GestorAlquileres/backend/src/main/java/com/gestion/tpbackend/entity/Contrato.java. Using fallback presentation compiler.[0m
2026.04.14 16:33:25 INFO  no build target found for /home/notebook/Documentos/gdsi/GestorAlquileres/backend/src/main/java/com/gestion/tpbackend/entity/Contrato.java. Using fallback presentation compiler.[0m
2026.04.14 16:33:27 INFO  no build target found for /home/notebook/Documentos/gdsi/GestorAlquileres/backend/src/main/java/com/gestion/tpbackend/service/ContraroService.java. Using fallback presentation compiler.[0m
2026.04.14 16:33:27 INFO  no build target found for /home/notebook/Documentos/gdsi/GestorAlquileres/backend/src/main/java/com/gestion/tpbackend/service/ContraroService.java. Using fallback presentation compiler.[0m
2026.04.14 16:33:28 WARN  no build target for: /home/notebook/Documentos/gdsi/GestorAlquileres/backend/src/main/java/com/gestion/tpbackend/service/ContraroService.java[0m
2026.04.14 16:33:29 INFO  no build target found for /home/notebook/Documentos/gdsi/GestorAlquileres/backend/src/main/java/com/gestion/tpbackend/entity/Contrato.java. Using fallback presentation compiler.[0m
2026.04.14 16:33:29 INFO  no build target found for /home/notebook/Documentos/gdsi/GestorAlquileres/backend/src/main/java/com/gestion/tpbackend/entity/Contrato.java. Using fallback presentation compiler.[0m
2026.04.14 16:33:32 INFO  no build target found for /home/notebook/Documentos/gdsi/GestorAlquileres/backend/src/main/java/com/gestion/tpbackend/repository/UnidadRepository.java. Using fallback presentation compiler.[0m
2026.04.14 16:33:34 INFO  no build target found for /home/notebook/Documentos/gdsi/GestorAlquileres/backend/src/main/java/com/gestion/tpbackend/entity/Contrato.java. Using fallback presentation compiler.[0m
2026.04.14 16:33:35 INFO  no build target found for /home/notebook/Documentos/gdsi/GestorAlquileres/backend/src/main/java/com/gestion/tpbackend/entity/Contrato.java. Using fallback presentation compiler.[0m
2026.04.14 16:33:35 INFO  no build target found for /home/notebook/Documentos/gdsi/GestorAlquileres/backend/src/main/java/com/gestion/tpbackend/entity/Contrato.java. Using fallback presentation compiler.[0m
2026.04.14 16:33:35 INFO  no build target found for /home/notebook/Documentos/gdsi/GestorAlquileres/backend/src/main/java/com/gestion/tpbackend/entity/Contrato.java. Using fallback presentation compiler.[0m
2026.04.14 16:33:37 WARN  no build target for: /home/notebook/Documentos/gdsi/GestorAlquileres/backend/src/main/java/com/gestion/tpbackend/entity/Contrato.java[0m
2026.04.14 16:33:37 INFO  no build target found for /home/notebook/Documentos/gdsi/GestorAlquileres/backend/src/main/java/com/gestion/tpbackend/entity/Contrato.java. Using fallback presentation compiler.[0m
2026.04.14 16:33:37 INFO  no build target found for /home/notebook/Documentos/gdsi/GestorAlquileres/backend/src/main/java/com/gestion/tpbackend/entity/Contrato.java. Using fallback presentation compiler.[0m
2026.04.14 16:33:37 INFO  Created report: Optional[file:///home/notebook/Documentos/gdsi/GestorAlquileres/backend/src/main/java/com/gestion/tpbackend/entity/Contrato.java][0m
2026.04.14 16:33:37 INFO  empty definition using pc, found symbol in pc: java/time/LocalDateTime# (full report at: "/home/notebook/Documentos/gdsi/GestorAlquileres/.metals/.reports/metals-full/2026-04-14/r_empty-definition_16-33-37-327.md")[0m
2026.04.14 16:34:04 INFO  no build target found for /home/notebook/Documentos/gdsi/GestorAlquileres/backend/src/main/java/com/gestion/tpbackend/controller/ContratoController.java. Using fallback presentation compiler.[0m
2026.04.14 16:34:04 INFO  no build target found for /home/notebook/Documentos/gdsi/GestorAlquileres/backend/src/main/java/com/gestion/tpbackend/controller/ContratoController.java. Using fallback presentation compiler.[0m
2026.04.14 16:34:05 WARN  no build target for: /home/notebook/Documentos/gdsi/GestorAlquileres/backend/src/main/java/com/gestion/tpbackend/controller/ContratoController.java[0m
2026.04.14 16:34:23 INFO  no build target found for /home/notebook/Documentos/gdsi/GestorAlquileres/backend/src/main/java/com/gestion/tpbackend/repository/ContratoRepository.java. Using fallback presentation compiler.[0m
2026.04.14 16:34:23 WARN  no build target for: /home/notebook/Documentos/gdsi/GestorAlquileres/backend/src/main/java/com/gestion/tpbackend/repository/ContratoRepository.java[0m
2026.04.14 16:34:23 INFO  no build target found for /home/notebook/Documentos/gdsi/GestorAlquileres/backend/src/main/java/com/gestion/tpbackend/repository/ContratoRepository.java. Using fallback presentation compiler.[0m
2026.04.14 16:34:26 INFO  no build target found for /home/notebook/Documentos/gdsi/GestorAlquileres/backend/src/main/java/com/gestion/tpbackend/entity/Contrato.java. Using fallback presentation compiler.[0m
2026.04.14 16:34:26 WARN  no build target for: /home/notebook/Documentos/gdsi/GestorAlquileres/backend/src/main/java/com/gestion/tpbackend/entity/Contrato.java[0m
2026.04.14 16:34:26 INFO  no build target found for /home/notebook/Documentos/gdsi/GestorAlquileres/backend/src/main/java/com/gestion/tpbackend/entity/Contrato.java. Using fallback presentation compiler.[0m
2026.04.14 16:34:28 INFO  no build target found for /home/notebook/Documentos/gdsi/GestorAlquileres/backend/src/main/java/com/gestion/tpbackend/entity/Contrato.java. Using fallback presentation compiler.[0m
2026.04.14 16:34:30 INFO  no build target found for /home/notebook/Documentos/gdsi/GestorAlquileres/backend/src/main/java/com/gestion/tpbackend/repository/EdificioRepository.java. Using fallback presentation compiler.[0m
2026.04.14 16:34:31 INFO  no build target found for /home/notebook/Documentos/gdsi/GestorAlquileres/backend/src/main/java/com/gestion/tpbackend/repository/UsuarioRepository.java. Using fallback presentation compiler.[0m
2026.04.14 16:34:33 INFO  no build target found for /home/notebook/Documentos/gdsi/GestorAlquileres/backend/src/main/java/com/gestion/tpbackend/controller/ContratoController.java. Using fallback presentation compiler.[0m
2026.04.14 16:34:33 WARN  no build target for: /home/notebook/Documentos/gdsi/GestorAlquileres/backend/src/main/java/com/gestion/tpbackend/controller/ContratoController.java[0m
2026.04.14 16:34:33 INFO  no build target found for /home/notebook/Documentos/gdsi/GestorAlquileres/backend/src/main/java/com/gestion/tpbackend/controller/ContratoController.java. Using fallback presentation compiler.[0m
2026.04.14 16:34:40 INFO  no build target found for /home/notebook/Documentos/gdsi/GestorAlquileres/backend/src/main/java/com/gestion/tpbackend/service/ContraroService.java. Using fallback presentation compiler.[0m
2026.04.14 16:34:40 INFO  no build target found for /home/notebook/Documentos/gdsi/GestorAlquileres/backend/src/main/java/com/gestion/tpbackend/service/ContraroService.java. Using fallback presentation compiler.[0m
2026.04.14 16:34:41 INFO  no build target found for /home/notebook/Documentos/gdsi/GestorAlquileres/backend/src/main/java/com/gestion/tpbackend/repository/ContratoRepository.java. Using fallback presentation compiler.[0m
2026.04.14 16:34:41 INFO  no build target found for /home/notebook/Documentos/gdsi/GestorAlquileres/backend/src/main/java/com/gestion/tpbackend/controller/ContratoController.java. Using fallback presentation compiler.[0m
2026.04.14 16:34:41 INFO  no build target found for /home/notebook/Documentos/gdsi/GestorAlquileres/backend/src/main/java/com/gestion/tpbackend/controller/ContratoController.java. Using fallback presentation compiler.[0m
2026.04.14 16:34:59 INFO  no build target found for /home/notebook/Documentos/gdsi/GestorAlquileres/backend/src/main/java/com/gestion/tpbackend/service/ContraroService.java. Using fallback presentation compiler.[0m
2026.04.14 16:34:59 INFO  no build target found for /home/notebook/Documentos/gdsi/GestorAlquileres/backend/src/main/java/com/gestion/tpbackend/service/ContraroService.java. Using fallback presentation compiler.[0m
2026.04.14 16:35:10 INFO  no build target found for /home/notebook/Documentos/gdsi/GestorAlquileres/backend/src/main/java/com/gestion/tpbackend/service/ContratoService.java. Using fallback presentation compiler.[0m
2026.04.14 16:35:10 INFO  no build target found for /home/notebook/Documentos/gdsi/GestorAlquileres/backend/src/main/java/com/gestion/tpbackend/service/ContratoService.java. Using fallback presentation compiler.[0m
2026.04.14 16:35:47 INFO  no build target found for /home/notebook/Documentos/gdsi/GestorAlquileres/backend/src/main/java/com/gestion/tpbackend/entity/Contrato.java. Using fallback presentation compiler.[0m
2026.04.14 16:36:26 INFO  no build target found for /home/notebook/Documentos/gdsi/GestorAlquileres/backend/src/main/java/com/gestion/tpbackend/service/ContraroService.java. Using fallback presentation compiler.[0m
2026.04.14 16:36:58 INFO  no build target found for /home/notebook/Documentos/gdsi/GestorAlquileres/backend/src/main/java/com/gestion/tpbackend/controller/ContratoController.java. Using fallback presentation compiler.[0m
2026.04.14 16:38:09 INFO  no build target found for /home/notebook/Documentos/gdsi/GestorAlquileres/backend/src/main/java/com/gestion/tpbackend/service/ContratoService.java. Using fallback presentation compiler.[0m
2026.04.14 16:43:18 INFO  no build target found for /home/notebook/Documentos/gdsi/GestorAlquileres/backend/src/main/java/com/gestion/tpbackend/controller/ContratoController.java. Using fallback presentation compiler.[0m
2026.04.14 16:43:18 INFO  no build target found for /home/notebook/Documentos/gdsi/GestorAlquileres/backend/src/main/java/com/gestion/tpbackend/controller/ContratoController.java. Using fallback presentation compiler.[0m
2026.04.14 16:43:20 INFO  no build target found for /home/notebook/Documentos/gdsi/GestorAlquileres/backend/src/main/java/com/gestion/tpbackend/controller/ContratoController.java. Using fallback presentation compiler.[0m
2026.04.14 16:43:23 INFO  no build target found for /home/notebook/Documentos/gdsi/GestorAlquileres/backend/src/main/java/com/gestion/tpbackend/controller/ContratoController.java. Using fallback presentation compiler.[0m
2026.04.14 16:43:23 INFO  no build target found for /home/notebook/Documentos/gdsi/GestorAlquileres/backend/src/main/java/com/gestion/tpbackend/controller/AuthController.java. Using fallback presentation compiler.[0m
2026.04.14 16:43:23 INFO  no build target found for /home/notebook/Documentos/gdsi/GestorAlquileres/backend/src/main/java/com/gestion/tpbackend/controller/AuthController.java. Using fallback presentation compiler.[0m
2026.04.14 16:43:23 INFO  no build target found for /home/notebook/Documentos/gdsi/GestorAlquileres/backend/src/main/java/com/gestion/tpbackend/controller/AuthController.java. Using fallback presentation compiler.[0m
2026.04.14 16:43:31 INFO  no build target found for /home/notebook/Documentos/gdsi/GestorAlquileres/backend/src/main/java/com/gestion/tpbackend/repository/ContratoRepository.java. Using fallback presentation compiler.[0m
2026.04.14 16:43:31 INFO  no build target found for /home/notebook/Documentos/gdsi/GestorAlquileres/backend/src/main/java/com/gestion/tpbackend/repository/ContratoRepository.java. Using fallback presentation compiler.[0m
2026.04.14 16:43:50 INFO  no build target found for /home/notebook/Documentos/gdsi/GestorAlquileres/backend/src/main/java/com/gestion/tpbackend/repository/ContratoRepository.java. Using fallback presentation compiler.[0m
2026.04.14 16:43:50 INFO  no build target found for /home/notebook/Documentos/gdsi/GestorAlquileres/backend/src/main/java/com/gestion/tpbackend/controller/ContratoController.java. Using fallback presentation compiler.[0m
2026.04.14 16:43:50 INFO  no build target found for /home/notebook/Documentos/gdsi/GestorAlquileres/backend/src/main/java/com/gestion/tpbackend/controller/ContratoController.java. Using fallback presentation compiler.[0m
2026.04.14 16:44:05 INFO  no build target found for /home/notebook/Documentos/gdsi/GestorAlquileres/backend/src/main/java/com/gestion/tpbackend/controller/ContratoController.java. Using fallback presentation compiler.[0m
2026.04.14 16:44:27 INFO  no build target found for /home/notebook/Documentos/gdsi/GestorAlquileres/backend/src/main/java/com/gestion/tpbackend/service/ContratoService.java. Using fallback presentation compiler.[0m
2026.04.14 16:44:27 INFO  no build target found for /home/notebook/Documentos/gdsi/GestorAlquileres/backend/src/main/java/com/gestion/tpbackend/service/ContratoService.java. Using fallback presentation compiler.[0m
2026.04.14 16:44:27 INFO  no build target found for /home/notebook/Documentos/gdsi/GestorAlquileres/backend/src/main/java/com/gestion/tpbackend/service/ContratoService.java. Using fallback presentation compiler.[0m
2026.04.14 16:44:27 INFO  no build target found for /home/notebook/Documentos/gdsi/GestorAlquileres/backend/src/main/java/com/gestion/tpbackend/service/ContratoService.java. Using fallback presentation compiler.[0m
2026.04.14 16:44:29 INFO  no build target found for /home/notebook/Documentos/gdsi/GestorAlquileres/backend/src/main/java/com/gestion/tpbackend/service/ContratoService.java. Using fallback presentation compiler.[0m
2026.04.14 16:44:29 INFO  no build target found for /home/notebook/Documentos/gdsi/GestorAlquileres/backend/src/main/java/com/gestion/tpbackend/service/ContratoService.java. Using fallback presentation compiler.[0m
2026.04.14 16:44:29 INFO  Created report: Optional[file:///home/notebook/Documentos/gdsi/GestorAlquileres/backend/src/main/java/com/gestion/tpbackend/service/ContratoService.java][0m
2026.04.14 16:44:29 INFO  empty definition using pc, found symbol in pc: _empty_/MetodoPago#TARJETA# (full report at: "/home/notebook/Documentos/gdsi/GestorAlquileres/.metals/.reports/metals-full/2026-04-14/r_empty-definition_16-44-29-110.md")[0m
2026.04.14 16:44:30 INFO  no build target found for /home/notebook/Documentos/gdsi/GestorAlquileres/backend/src/main/java/com/gestion/tpbackend/entity/Contrato.java. Using fallback presentation compiler.[0m
2026.04.14 16:44:30 INFO  no build target found for /home/notebook/Documentos/gdsi/GestorAlquileres/backend/src/main/java/com/gestion/tpbackend/entity/Contrato.java. Using fallback presentation compiler.[0m
2026.04.14 16:44:31 INFO  no build target found for /home/notebook/Documentos/gdsi/GestorAlquileres/backend/src/main/java/com/gestion/tpbackend/entity/Contrato.java. Using fallback presentation compiler.[0m
2026.04.14 16:44:43 INFO  no build target found for /home/notebook/Documentos/gdsi/GestorAlquileres/backend/src/main/java/com/gestion/tpbackend/service/ContratoService.java. Using fallback presentation compiler.[0m
2026.04.14 16:44:43 INFO  no build target found for /home/notebook/Documentos/gdsi/GestorAlquileres/backend/src/main/java/com/gestion/tpbackend/service/ContratoService.java. Using fallback presentation compiler.[0m
2026.04.14 16:44:44 INFO  no build target found for /home/notebook/Documentos/gdsi/GestorAlquileres/backend/src/main/java/com/gestion/tpbackend/service/ContratoService.java. Using fallback presentation compiler.[0m
2026.04.14 16:44:43 INFO  no build target found for /home/notebook/Documentos/gdsi/GestorAlquileres/backend/src/main/java/com/gestion/tpbackend/service/ContratoService.java. Using fallback presentation compiler.[0m
2026.04.14 16:44:44 INFO  no build target found for /home/notebook/Documentos/gdsi/GestorAlquileres/backend/src/main/java/com/gestion/tpbackend/service/ContratoService.java. Using fallback presentation compiler.[0m
2026.04.14 16:44:44 INFO  no build target found for /home/notebook/Documentos/gdsi/GestorAlquileres/backend/src/main/java/com/gestion/tpbackend/service/ContratoService.java. Using fallback presentation compiler.[0m
2026.04.14 16:44:44 INFO  no build target found for /home/notebook/Documentos/gdsi/GestorAlquileres/backend/src/main/java/com/gestion/tpbackend/service/ContratoService.java. Using fallback presentation compiler.[0m
2026.04.14 16:44:44 INFO  empty definition using pc, found symbol in pc: _empty_/MetodoPago#TARJETA# (full report at: "/home/notebook/Documentos/gdsi/GestorAlquileres/.metals/.reports/metals-full/2026-04-14/r_empty-definition_16-44-29-110.md")[0m
2026.04.14 16:44:44 INFO  Created report: Optional[file:///home/notebook/Documentos/gdsi/GestorAlquileres/backend/src/main/java/com/gestion/tpbackend/service/ContratoService.java][0m
2026.04.14 16:44:44 INFO  empty definition using pc, found symbol in pc: _empty_/MetodoPago# (full report at: "/home/notebook/Documentos/gdsi/GestorAlquileres/.metals/.reports/metals-full/2026-04-14/r_empty-definition_16-44-44-635.md")[0m
2026.04.14 16:44:44 INFO  no build target found for /home/notebook/Documentos/gdsi/GestorAlquileres/backend/src/main/java/com/gestion/tpbackend/service/ContratoService.java. Using fallback presentation compiler.[0m
2026.04.14 16:44:48 INFO  no build target found for /home/notebook/Documentos/gdsi/GestorAlquileres/backend/src/main/java/com/gestion/tpbackend/repository/ContratoRepository.java. Using fallback presentation compiler.[0m
2026.04.14 16:44:48 INFO  no build target found for /home/notebook/Documentos/gdsi/GestorAlquileres/backend/src/main/java/com/gestion/tpbackend/repository/ContratoRepository.java. Using fallback presentation compiler.[0m
2026.04.14 16:44:58 INFO  no build target found for /home/notebook/Documentos/gdsi/GestorAlquileres/backend/src/main/java/com/gestion/tpbackend/repository/ContratoRepository.java. Using fallback presentation compiler.[0m
2026.04.14 16:44:59 INFO  no build target found for /home/notebook/Documentos/gdsi/GestorAlquileres/backend/src/main/java/com/gestion/tpbackend/controller/ContratoController.java. Using fallback presentation compiler.[0m
2026.04.14 16:44:59 INFO  no build target found for /home/notebook/Documentos/gdsi/GestorAlquileres/backend/src/main/java/com/gestion/tpbackend/controller/ContratoController.java. Using fallback presentation compiler.[0m
2026.04.14 16:44:59 INFO  no build target found for /home/notebook/Documentos/gdsi/GestorAlquileres/backend/src/main/java/com/gestion/tpbackend/controller/ContratoController.java. Using fallback presentation compiler.[0m
2026.04.14 16:45:01 INFO  no build target found for /home/notebook/Documentos/gdsi/GestorAlquileres/backend/src/main/java/com/gestion/tpbackend/controller/ContratoController.java. Using fallback presentation compiler.[0m
2026.04.14 16:46:24 INFO  no build target found for /home/notebook/Documentos/gdsi/GestorAlquileres/backend/src/main/java/com/gestion/tpbackend/controller/AuthController.java. Using fallback presentation compiler.[0m
2026.04.14 16:47:28 INFO  no build target found for /home/notebook/Documentos/gdsi/GestorAlquileres/backend/src/main/java/com/gestion/tpbackend/service/ContratoService.java. Using fallback presentation compiler.[0m
2026.04.14 16:47:30 INFO  no build target found for /home/notebook/Documentos/gdsi/GestorAlquileres/backend/src/main/java/com/gestion/tpbackend/entity/Contrato.java. Using fallback presentation compiler.[0m
2026.04.14 16:47:48 INFO  no build target found for /home/notebook/Documentos/gdsi/GestorAlquileres/backend/src/main/java/com/gestion/tpbackend/repository/ContratoRepository.java. Using fallback presentation compiler.[0m
2026.04.14 16:47:58 INFO  no build target found for /home/notebook/Documentos/gdsi/GestorAlquileres/backend/src/main/java/com/gestion/tpbackend/controller/ContratoController.java. Using fallback presentation compiler.[0m
2026.04.14 16:48:14 INFO  no build target found for /home/notebook/Documentos/gdsi/GestorAlquileres/backend/src/main/java/com/gestion/tpbackend/controller/ContratoController.java. Using fallback presentation compiler.[0m
2026.04.14 16:48:16 INFO  no build target found for /home/notebook/Documentos/gdsi/GestorAlquileres/backend/src/main/java/com/gestion/tpbackend/repository/ContratoRepository.java. Using fallback presentation compiler.[0m
2026.04.14 16:48:16 INFO  no build target found for /home/notebook/Documentos/gdsi/GestorAlquileres/backend/src/main/java/com/gestion/tpbackend/repository/ContratoRepository.java. Using fallback presentation compiler.[0m
2026.04.14 16:48:32 INFO  no build target found for /home/notebook/Documentos/gdsi/GestorAlquileres/backend/src/main/java/com/gestion/tpbackend/entity/Contrato.java. Using fallback presentation compiler.[0m
2026.04.14 16:48:32 INFO  no build target found for /home/notebook/Documentos/gdsi/GestorAlquileres/backend/src/main/java/com/gestion/tpbackend/entity/Contrato.java. Using fallback presentation compiler.[0m
2026.04.14 16:48:35 INFO  no build target found for /home/notebook/Documentos/gdsi/GestorAlquileres/backend/src/main/java/com/gestion/tpbackend/entity/Contrato.java. Using fallback presentation compiler.[0m
2026.04.14 16:48:37 INFO  no build target found for /home/notebook/Documentos/gdsi/GestorAlquileres/backend/src/main/java/com/gestion/tpbackend/entity/Contrato.java. Using fallback presentation compiler.[0m
2026.04.14 16:48:39 INFO  no build target found for /home/notebook/Documentos/gdsi/GestorAlquileres/backend/src/main/java/com/gestion/tpbackend/entity/Contrato.java. Using fallback presentation compiler.[0m
2026.04.14 16:48:45 INFO  no build target found for /home/notebook/Documentos/gdsi/GestorAlquileres/backend/src/main/java/com/gestion/tpbackend/entity/Contrato.java. Using fallback presentation compiler.[0m
2026.04.14 16:48:47 INFO  no build target found for /home/notebook/Documentos/gdsi/GestorAlquileres/backend/src/main/java/com/gestion/tpbackend/entity/Contrato.java. Using fallback presentation compiler.[0m
2026.04.14 16:48:47 INFO  no build target found for /home/notebook/Documentos/gdsi/GestorAlquileres/backend/src/main/java/com/gestion/tpbackend/entity/Contrato.java. Using fallback presentation compiler.[0m
2026.04.14 16:48:48 INFO  no build target found for /home/notebook/Documentos/gdsi/GestorAlquileres/backend/src/main/java/com/gestion/tpbackend/entity/Contrato.java. Using fallback presentation compiler.[0m
2026.04.14 16:48:49 INFO  no build target found for /home/notebook/Documentos/gdsi/GestorAlquileres/backend/src/main/java/com/gestion/tpbackend/entity/Contrato.java. Using fallback presentation compiler.[0m
2026.04.14 16:48:49 INFO  no build target found for /home/notebook/Documentos/gdsi/GestorAlquileres/backend/src/main/java/com/gestion/tpbackend/entity/Contrato.java. Using fallback presentation compiler.[0m
2026.04.14 16:48:49 INFO  no build target found for /home/notebook/Documentos/gdsi/GestorAlquileres/backend/src/main/java/com/gestion/tpbackend/entity/Contrato.java. Using fallback presentation compiler.[0m
2026.04.14 16:48:51 INFO  no build target found for /home/notebook/Documentos/gdsi/GestorAlquileres/backend/src/main/java/com/gestion/tpbackend/entity/Contrato.java. Using fallback presentation compiler.[0m
2026.04.14 16:48:51 INFO  no build target found for /home/notebook/Documentos/gdsi/GestorAlquileres/backend/src/main/java/com/gestion/tpbackend/entity/Contrato.java. Using fallback presentation compiler.[0m
2026.04.14 16:48:52 INFO  no build target found for /home/notebook/Documentos/gdsi/GestorAlquileres/backend/src/main/java/com/gestion/tpbackend/entity/Contrato.java. Using fallback presentation compiler.[0m
2026.04.14 16:48:53 INFO  no build target found for /home/notebook/Documentos/gdsi/GestorAlquileres/backend/src/main/java/com/gestion/tpbackend/entity/Contrato.java. Using fallback presentation compiler.[0m
2026.04.14 16:48:54 INFO  no build target found for /home/notebook/Documentos/gdsi/GestorAlquileres/backend/src/main/java/com/gestion/tpbackend/entity/Contrato.java. Using fallback presentation compiler.[0m
2026.04.14 16:48:54 INFO  no build target found for /home/notebook/Documentos/gdsi/GestorAlquileres/backend/src/main/java/com/gestion/tpbackend/entity/Contrato.java. Using fallback presentation compiler.[0m
2026.04.14 16:48:56 INFO  no build target found for /home/notebook/Documentos/gdsi/GestorAlquileres/backend/src/main/java/com/gestion/tpbackend/entity/Contrato.java. Using fallback presentation compiler.[0m
2026.04.14 16:48:56 INFO  no build target found for /home/notebook/Documentos/gdsi/GestorAlquileres/backend/src/main/java/com/gestion/tpbackend/entity/Contrato.java. Using fallback presentation compiler.[0m
2026.04.14 16:48:58 INFO  no build target found for /home/notebook/Documentos/gdsi/GestorAlquileres/backend/src/main/java/com/gestion/tpbackend/entity/Contrato.java. Using fallback presentation compiler.[0m
2026.04.14 16:49:00 INFO  no build target found for /home/notebook/Documentos/gdsi/GestorAlquileres/backend/src/main/java/com/gestion/tpbackend/entity/Contrato.java. Using fallback presentation compiler.[0m
2026.04.14 16:49:00 INFO  no build target found for /home/notebook/Documentos/gdsi/GestorAlquileres/backend/src/main/java/com/gestion/tpbackend/entity/Contrato.java. Using fallback presentation compiler.[0m
2026.04.14 16:49:02 INFO  no build target found for /home/notebook/Documentos/gdsi/GestorAlquileres/backend/src/main/java/com/gestion/tpbackend/entity/Contrato.java. Using fallback presentation compiler.[0m
2026.04.14 16:49:02 INFO  no build target found for /home/notebook/Documentos/gdsi/GestorAlquileres/backend/src/main/java/com/gestion/tpbackend/entity/Contrato.java. Using fallback presentation compiler.[0m
2026.04.14 16:49:02 INFO  no build target found for /home/notebook/Documentos/gdsi/GestorAlquileres/backend/src/main/java/com/gestion/tpbackend/entity/Contrato.java. Using fallback presentation compiler.[0m
2026.04.14 16:49:06 INFO  no build target found for /home/notebook/Documentos/gdsi/GestorAlquileres/backend/src/main/java/com/gestion/tpbackend/entity/Contrato.java. Using fallback presentation compiler.[0m
2026.04.14 16:49:06 INFO  no build target found for /home/notebook/Documentos/gdsi/GestorAlquileres/backend/src/main/java/com/gestion/tpbackend/entity/Contrato.java. Using fallback presentation compiler.[0m
2026.04.14 16:49:10 INFO  no build target found for /home/notebook/Documentos/gdsi/GestorAlquileres/backend/src/main/java/com/gestion/tpbackend/entity/Contrato.java. Using fallback presentation compiler.[0m
2026.04.14 16:49:13 INFO  no build target found for /home/notebook/Documentos/gdsi/GestorAlquileres/backend/src/main/java/com/gestion/tpbackend/entity/Contrato.java. Using fallback presentation compiler.[0m
2026.04.14 16:49:13 INFO  no build target found for /home/notebook/Documentos/gdsi/GestorAlquileres/backend/src/main/java/com/gestion/tpbackend/entity/Contrato.java. Using fallback presentation compiler.[0m
2026.04.14 16:49:15 INFO  no build target found for /home/notebook/Documentos/gdsi/GestorAlquileres/backend/src/main/java/com/gestion/tpbackend/entity/Contrato.java. Using fallback presentation compiler.[0m
2026.04.14 16:49:17 INFO  no build target found for /home/notebook/Documentos/gdsi/GestorAlquileres/backend/src/main/java/com/gestion/tpbackend/entity/Contrato.java. Using fallback presentation compiler.[0m
2026.04.14 16:49:18 INFO  no build target found for /home/notebook/Documentos/gdsi/GestorAlquileres/backend/src/main/java/com/gestion/tpbackend/entity/Contrato.java. Using fallback presentation compiler.[0m
2026.04.14 16:49:18 INFO  no build target found for /home/notebook/Documentos/gdsi/GestorAlquileres/backend/src/main/java/com/gestion/tpbackend/entity/Contrato.java. Using fallback presentation compiler.[0m
2026.04.14 16:49:18 INFO  no build target found for /home/notebook/Documentos/gdsi/GestorAlquileres/backend/src/main/java/com/gestion/tpbackend/entity/Contrato.java. Using fallback presentation compiler.[0m
2026.04.14 16:49:20 INFO  no build target found for /home/notebook/Documentos/gdsi/GestorAlquileres/backend/src/main/java/com/gestion/tpbackend/entity/Contrato.java. Using fallback presentation compiler.[0m
2026.04.14 16:49:20 INFO  no build target found for /home/notebook/Documentos/gdsi/GestorAlquileres/backend/src/main/java/com/gestion/tpbackend/entity/Contrato.java. Using fallback presentation compiler.[0m
2026.04.14 16:49:21 INFO  no build target found for /home/notebook/Documentos/gdsi/GestorAlquileres/backend/src/main/java/com/gestion/tpbackend/entity/Contrato.java. Using fallback presentation compiler.[0m
2026.04.14 16:49:21 INFO  no build target found for /home/notebook/Documentos/gdsi/GestorAlquileres/backend/src/main/java/com/gestion/tpbackend/entity/Contrato.java. Using fallback presentation compiler.[0m
2026.04.14 16:49:25 INFO  no build target found for /home/notebook/Documentos/gdsi/GestorAlquileres/backend/src/main/java/com/gestion/tpbackend/entity/Contrato.java. Using fallback presentation compiler.[0m
2026.04.14 16:49:28 INFO  no build target found for /home/notebook/Documentos/gdsi/GestorAlquileres/backend/src/main/java/com/gestion/tpbackend/entity/Contrato.java. Using fallback presentation compiler.[0m
2026.04.14 16:49:28 INFO  no build target found for /home/notebook/Documentos/gdsi/GestorAlquileres/backend/src/main/java/com/gestion/tpbackend/entity/Contrato.java. Using fallback presentation compiler.[0m
2026.04.14 16:49:31 INFO  no build target found for /home/notebook/Documentos/gdsi/GestorAlquileres/backend/src/main/java/com/gestion/tpbackend/entity/Contrato.java. Using fallback presentation compiler.[0m
2026.04.14 16:49:31 INFO  no build target found for /home/notebook/Documentos/gdsi/GestorAlquileres/backend/src/main/java/com/gestion/tpbackend/entity/Contrato.java. Using fallback presentation compiler.[0m
2026.04.14 16:49:33 INFO  no build target found for /home/notebook/Documentos/gdsi/GestorAlquileres/backend/src/main/java/com/gestion/tpbackend/entity/Contrato.java. Using fallback presentation compiler.[0m
2026.04.14 16:49:33 INFO  no build target found for /home/notebook/Documentos/gdsi/GestorAlquileres/backend/src/main/java/com/gestion/tpbackend/entity/Contrato.java. Using fallback presentation compiler.[0m
2026.04.14 16:49:35 INFO  no build target found for /home/notebook/Documentos/gdsi/GestorAlquileres/backend/src/main/java/com/gestion/tpbackend/entity/Contrato.java. Using fallback presentation compiler.[0m
2026.04.14 16:49:39 INFO  no build target found for /home/notebook/Documentos/gdsi/GestorAlquileres/backend/src/main/java/com/gestion/tpbackend/entity/Contrato.java. Using fallback presentation compiler.[0m
2026.04.14 16:49:41 INFO  no build target found for /home/notebook/Documentos/gdsi/GestorAlquileres/backend/src/main/java/com/gestion/tpbackend/entity/Usuario.java. Using fallback presentation compiler.[0m
2026.04.14 16:49:41 INFO  no build target found for /home/notebook/Documentos/gdsi/GestorAlquileres/backend/src/main/java/com/gestion/tpbackend/entity/Usuario.java. Using fallback presentation compiler.[0m
2026.04.14 16:49:44 INFO  no build target found for /home/notebook/Documentos/gdsi/GestorAlquileres/backend/src/main/java/com/gestion/tpbackend/entity/Usuario.java. Using fallback presentation compiler.[0m
2026.04.14 16:49:54 INFO  no build target found for /home/notebook/Documentos/gdsi/GestorAlquileres/backend/src/main/java/com/gestion/tpbackend/entity/Contrato.java. Using fallback presentation compiler.[0m
2026.04.14 16:49:54 INFO  no build target found for /home/notebook/Documentos/gdsi/GestorAlquileres/backend/src/main/java/com/gestion/tpbackend/entity/Contrato.java. Using fallback presentation compiler.[0m
2026.04.14 16:49:57 INFO  no build target found for /home/notebook/Documentos/gdsi/GestorAlquileres/backend/src/main/java/com/gestion/tpbackend/entity/Contrato.java. Using fallback presentation compiler.[0m
2026.04.14 16:49:58 INFO  no build target found for /home/notebook/Documentos/gdsi/GestorAlquileres/backend/src/main/java/com/gestion/tpbackend/entity/Contrato.java. Using fallback presentation compiler.[0m
2026.04.14 16:49:58 INFO  no build target found for /home/notebook/Documentos/gdsi/GestorAlquileres/backend/src/main/java/com/gestion/tpbackend/entity/Contrato.java. Using fallback presentation compiler.[0m
2026.04.14 16:49:58 INFO  no build target found for /home/notebook/Documentos/gdsi/GestorAlquileres/backend/src/main/java/com/gestion/tpbackend/entity/Contrato.java. Using fallback presentation compiler.[0m
2026.04.14 16:50:00 INFO  no build target found for /home/notebook/Documentos/gdsi/GestorAlquileres/backend/src/main/java/com/gestion/tpbackend/entity/Contrato.java. Using fallback presentation compiler.[0m
2026.04.14 16:50:02 INFO  no build target found for /home/notebook/Documentos/gdsi/GestorAlquileres/backend/src/main/java/com/gestion/tpbackend/entity/Contrato.java. Using fallback presentation compiler.[0m
2026.04.14 16:50:02 INFO  no build target found for /home/notebook/Documentos/gdsi/GestorAlquileres/backend/src/main/java/com/gestion/tpbackend/entity/Contrato.java. Using fallback presentation compiler.[0m
2026.04.14 16:50:05 INFO  no build target found for /home/notebook/Documentos/gdsi/GestorAlquileres/backend/src/main/java/com/gestion/tpbackend/entity/Contrato.java. Using fallback presentation compiler.[0m
2026.04.14 16:50:05 INFO  no build target found for /home/notebook/Documentos/gdsi/GestorAlquileres/backend/src/main/java/com/gestion/tpbackend/entity/Contrato.java. Using fallback presentation compiler.[0m
2026.04.14 16:50:07 INFO  no build target found for /home/notebook/Documentos/gdsi/GestorAlquileres/backend/src/main/java/com/gestion/tpbackend/entity/Contrato.java. Using fallback presentation compiler.[0m
2026.04.14 16:50:08 INFO  no build target found for /home/notebook/Documentos/gdsi/GestorAlquileres/backend/src/main/java/com/gestion/tpbackend/entity/Contrato.java. Using fallback presentation compiler.[0m
2026.04.14 16:50:08 INFO  no build target found for /home/notebook/Documentos/gdsi/GestorAlquileres/backend/src/main/java/com/gestion/tpbackend/entity/Contrato.java. Using fallback presentation compiler.[0m
2026.04.14 16:50:11 INFO  no build target found for /home/notebook/Documentos/gdsi/GestorAlquileres/backend/src/main/java/com/gestion/tpbackend/entity/Contrato.java. Using fallback presentation compiler.[0m
2026.04.14 16:50:11 INFO  no build target found for /home/notebook/Documentos/gdsi/GestorAlquileres/backend/src/main/java/com/gestion/tpbackend/entity/Contrato.java. Using fallback presentation compiler.[0m
2026.04.14 16:50:13 INFO  no build target found for /home/notebook/Documentos/gdsi/GestorAlquileres/backend/src/main/java/com/gestion/tpbackend/entity/Contrato.java. Using fallback presentation compiler.[0m
2026.04.14 16:50:13 INFO  no build target found for /home/notebook/Documentos/gdsi/GestorAlquileres/backend/src/main/java/com/gestion/tpbackend/entity/Contrato.java. Using fallback presentation compiler.[0m
2026.04.14 16:50:14 INFO  no build target found for /home/notebook/Documentos/gdsi/GestorAlquileres/backend/src/main/java/com/gestion/tpbackend/entity/Contrato.java. Using fallback presentation compiler.[0m
2026.04.14 16:50:14 INFO  no build target found for /home/notebook/Documentos/gdsi/GestorAlquileres/backend/src/main/java/com/gestion/tpbackend/entity/Contrato.java. Using fallback presentation compiler.[0m
2026.04.14 16:50:18 INFO  no build target found for /home/notebook/Documentos/gdsi/GestorAlquileres/backend/src/main/java/com/gestion/tpbackend/entity/Contrato.java. Using fallback presentation compiler.[0m
2026.04.14 16:50:18 INFO  no build target found for /home/notebook/Documentos/gdsi/GestorAlquileres/backend/src/main/java/com/gestion/tpbackend/entity/Contrato.java. Using fallback presentation compiler.[0m
2026.04.14 16:50:27 INFO  no build target found for /home/notebook/Documentos/gdsi/GestorAlquileres/backend/src/main/java/com/gestion/tpbackend/entity/Contrato.java. Using fallback presentation compiler.[0m
2026.04.14 16:50:30 INFO  no build target found for /home/notebook/Documentos/gdsi/GestorAlquileres/backend/src/main/java/com/gestion/tpbackend/entity/Contrato.java. Using fallback presentation compiler.[0m
2026.04.14 16:50:33 INFO  no build target found for /home/notebook/Documentos/gdsi/GestorAlquileres/backend/src/main/java/com/gestion/tpbackend/entity/Contrato.java. Using fallback presentation compiler.[0m
2026.04.14 16:50:34 INFO  no build target found for /home/notebook/Documentos/gdsi/GestorAlquileres/backend/src/main/java/com/gestion/tpbackend/entity/Contrato.java. Using fallback presentation compiler.[0m
2026.04.14 16:50:37 INFO  no build target found for /home/notebook/Documentos/gdsi/GestorAlquileres/backend/src/main/java/com/gestion/tpbackend/entity/Contrato.java. Using fallback presentation compiler.[0m
2026.04.14 16:50:38 INFO  no build target found for /home/notebook/Documentos/gdsi/GestorAlquileres/backend/src/main/java/com/gestion/tpbackend/entity/Contrato.java. Using fallback presentation compiler.[0m
2026.04.14 16:50:39 INFO  no build target found for /home/notebook/Documentos/gdsi/GestorAlquileres/backend/src/main/java/com/gestion/tpbackend/entity/Contrato.java. Using fallback presentation compiler.[0m
2026.04.14 16:50:43 INFO  no build target found for /home/notebook/Documentos/gdsi/GestorAlquileres/backend/src/main/java/com/gestion/tpbackend/entity/Contrato.java. Using fallback presentation compiler.[0m
2026.04.14 16:50:48 INFO  no build target found for /home/notebook/Documentos/gdsi/GestorAlquileres/backend/src/main/java/com/gestion/tpbackend/entity/Contrato.java. Using fallback presentation compiler.[0m
2026.04.14 16:50:49 INFO  no build target found for /home/notebook/Documentos/gdsi/GestorAlquileres/backend/src/main/java/com/gestion/tpbackend/entity/Contrato.java. Using fallback presentation compiler.[0m
2026.04.14 16:50:49 INFO  no build target found for /home/notebook/Documentos/gdsi/GestorAlquileres/backend/src/main/java/com/gestion/tpbackend/entity/Contrato.java. Using fallback presentation compiler.[0m
2026.04.14 16:50:53 INFO  no build target found for /home/notebook/Documentos/gdsi/GestorAlquileres/backend/src/main/java/com/gestion/tpbackend/controller/ContratoController.java. Using fallback presentation compiler.[0m
2026.04.14 16:50:53 INFO  no build target found for /home/notebook/Documentos/gdsi/GestorAlquileres/backend/src/main/java/com/gestion/tpbackend/controller/ContratoController.java. Using fallback presentation compiler.[0m
2026.04.14 16:50:53 INFO  no build target found for /home/notebook/Documentos/gdsi/GestorAlquileres/backend/src/main/java/com/gestion/tpbackend/controller/ContratoController.java. Using fallback presentation compiler.[0m
2026.04.14 16:50:59 INFO  no build target found for /home/notebook/Documentos/gdsi/GestorAlquileres/backend/src/main/java/com/gestion/tpbackend/controller/ContratoController.java. Using fallback presentation compiler.[0m
2026.04.14 16:51:00 INFO  no build target found for /home/notebook/Documentos/gdsi/GestorAlquileres/backend/src/main/java/com/gestion/tpbackend/controller/ContratoController.java. Using fallback presentation compiler.[0m
2026.04.14 16:51:00 INFO  no build target found for /home/notebook/Documentos/gdsi/GestorAlquileres/backend/src/main/java/com/gestion/tpbackend/controller/ContratoController.java. Using fallback presentation compiler.[0m
2026.04.14 16:51:00 INFO  no build target found for /home/notebook/Documentos/gdsi/GestorAlquileres/backend/src/main/java/com/gestion/tpbackend/controller/ContratoController.java. Using fallback presentation compiler.[0m
2026.04.14 16:51:14 INFO  no build target found for /home/notebook/Documentos/gdsi/GestorAlquileres/backend/src/main/java/com/gestion/tpbackend/entity/Contrato.java. Using fallback presentation compiler.[0m
2026.04.14 16:51:14 INFO  no build target found for /home/notebook/Documentos/gdsi/GestorAlquileres/backend/src/main/java/com/gestion/tpbackend/controller/ContratoController.java. Using fallback presentation compiler.[0m
2026.04.14 16:51:14 INFO  no build target found for /home/notebook/Documentos/gdsi/GestorAlquileres/backend/src/main/java/com/gestion/tpbackend/controller/ContratoController.java. Using fallback presentation compiler.[0m
2026.04.14 16:51:14 INFO  no build target found for /home/notebook/Documentos/gdsi/GestorAlquileres/backend/src/main/java/com/gestion/tpbackend/service/ContratoService.java. Using fallback presentation compiler.[0m
2026.04.14 16:51:15 INFO  no build target found for /home/notebook/Documentos/gdsi/GestorAlquileres/backend/src/main/java/com/gestion/tpbackend/service/ContratoService.java. Using fallback presentation compiler.[0m
2026.04.14 16:51:36 INFO  no build target found for /home/notebook/Documentos/gdsi/GestorAlquileres/backend/src/main/java/com/gestion/tpbackend/service/ContratoService.java. Using fallback presentation compiler.[0m
2026.04.14 16:51:37 INFO  no build target found for /home/notebook/Documentos/gdsi/GestorAlquileres/backend/src/main/java/com/gestion/tpbackend/service/ContratoService.java. Using fallback presentation compiler.[0m
2026.04.14 16:51:37 INFO  no build target found for /home/notebook/Documentos/gdsi/GestorAlquileres/backend/src/main/java/com/gestion/tpbackend/service/ContratoService.java. Using fallback presentation compiler.[0m
2026.04.14 16:51:39 INFO  no build target found for /home/notebook/Documentos/gdsi/GestorAlquileres/backend/src/main/java/com/gestion/tpbackend/service/ContratoService.java. Using fallback presentation compiler.[0m
2026.04.14 16:51:39 INFO  no build target found for /home/notebook/Documentos/gdsi/GestorAlquileres/backend/src/main/java/com/gestion/tpbackend/service/ContratoService.java. Using fallback presentation compiler.[0m
2026.04.14 16:51:41 INFO  no build target found for /home/notebook/Documentos/gdsi/GestorAlquileres/backend/src/main/java/com/gestion/tpbackend/service/ContratoService.java. Using fallback presentation compiler.[0m
2026.04.14 16:51:47 INFO  no build target found for /home/notebook/Documentos/gdsi/GestorAlquileres/backend/src/main/java/com/gestion/tpbackend/service/ContratoService.java. Using fallback presentation compiler.[0m
2026.04.14 16:51:54 INFO  no build target found for /home/notebook/Documentos/gdsi/GestorAlquileres/backend/src/main/java/com/gestion/tpbackend/controller/ContratoController.java. Using fallback presentation compiler.[0m
2026.04.14 16:51:54 INFO  no build target found for /home/notebook/Documentos/gdsi/GestorAlquileres/backend/src/main/java/com/gestion/tpbackend/controller/ContratoController.java. Using fallback presentation compiler.[0m
2026.04.14 16:52:21 INFO  no build target found for /home/notebook/Documentos/gdsi/GestorAlquileres/backend/src/main/java/com/gestion/tpbackend/controller/ContratoController.java. Using fallback presentation compiler.[0m
2026.04.14 16:52:32 INFO  no build target found for /home/notebook/Documentos/gdsi/GestorAlquileres/backend/src/main/java/com/gestion/tpbackend/controller/ContratoController.java. Using fallback presentation compiler.[0m
2026.04.14 16:52:32 INFO  no build target found for /home/notebook/Documentos/gdsi/GestorAlquileres/backend/src/main/java/com/gestion/tpbackend/controller/ContratoController.java. Using fallback presentation compiler.[0m
2026.04.14 16:52:38 INFO  no build target found for /home/notebook/Documentos/gdsi/GestorAlquileres/backend/src/main/java/com/gestion/tpbackend/controller/ContratoController.java. Using fallback presentation compiler.[0m
2026.04.14 16:52:39 INFO  no build target found for /home/notebook/Documentos/gdsi/GestorAlquileres/backend/src/main/java/com/gestion/tpbackend/controller/ContratoController.java. Using fallback presentation compiler.[0m
2026.04.14 16:52:41 INFO  no build target found for /home/notebook/Documentos/gdsi/GestorAlquileres/backend/src/main/java/com/gestion/tpbackend/entity/Usuario.java. Using fallback presentation compiler.[0m
2026.04.14 16:53:22 INFO  no build target found for /home/notebook/Documentos/gdsi/GestorAlquileres/backend/src/main/java/com/gestion/tpbackend/service/ContratoService.java. Using fallback presentation compiler.[0m
2026.04.14 16:53:22 INFO  no build target found for /home/notebook/Documentos/gdsi/GestorAlquileres/backend/src/main/java/com/gestion/tpbackend/service/ContratoService.java. Using fallback presentation compiler.[0m
2026.04.14 16:53:22 INFO  no build target found for /home/notebook/Documentos/gdsi/GestorAlquileres/backend/src/main/java/com/gestion/tpbackend/service/ContratoService.java. Using fallback presentation compiler.[0m
2026.04.14 16:53:24 INFO  no build target found for /home/notebook/Documentos/gdsi/GestorAlquileres/backend/src/main/java/com/gestion/tpbackend/service/ContratoService.java. Using fallback presentation compiler.[0m
2026.04.14 16:53:24 INFO  no build target found for /home/notebook/Documentos/gdsi/GestorAlquileres/backend/src/main/java/com/gestion/tpbackend/service/ContratoService.java. Using fallback presentation compiler.[0m
2026.04.14 16:53:24 INFO  no build target found for /home/notebook/Documentos/gdsi/GestorAlquileres/backend/src/main/java/com/gestion/tpbackend/service/ContratoService.java. Using fallback presentation compiler.[0m
2026.04.14 16:53:27 INFO  no build target found for /home/notebook/Documentos/gdsi/GestorAlquileres/backend/src/main/java/com/gestion/tpbackend/service/ContratoService.java. Using fallback presentation compiler.[0m
2026.04.14 16:53:32 INFO  no build target found for /home/notebook/Documentos/gdsi/GestorAlquileres/backend/src/main/java/com/gestion/tpbackend/service/ContratoService.java. Using fallback presentation compiler.[0m
2026.04.14 16:53:34 INFO  no build target found for /home/notebook/Documentos/gdsi/GestorAlquileres/backend/src/main/java/com/gestion/tpbackend/service/ContratoService.java. Using fallback presentation compiler.[0m
2026.04.14 16:53:34 INFO  no build target found for /home/notebook/Documentos/gdsi/GestorAlquileres/backend/src/main/java/com/gestion/tpbackend/service/ContratoService.java. Using fallback presentation compiler.[0m
2026.04.14 16:53:37 INFO  no build target found for /home/notebook/Documentos/gdsi/GestorAlquileres/backend/src/main/java/com/gestion/tpbackend/service/ContratoService.java. Using fallback presentation compiler.[0m
2026.04.14 16:53:54 INFO  no build target found for /home/notebook/Documentos/gdsi/GestorAlquileres/backend/src/main/java/com/gestion/tpbackend/service/ContratoService.java. Using fallback presentation compiler.[0m
2026.04.14 16:53:58 INFO  no build target found for /home/notebook/Documentos/gdsi/GestorAlquileres/backend/src/main/java/com/gestion/tpbackend/service/ContratoService.java. Using fallback presentation compiler.[0m
2026.04.14 16:53:59 INFO  no build target found for /home/notebook/Documentos/gdsi/GestorAlquileres/backend/src/main/java/com/gestion/tpbackend/service/ContratoService.java. Using fallback presentation compiler.[0m
2026.04.14 16:53:59 INFO  no build target found for /home/notebook/Documentos/gdsi/GestorAlquileres/backend/src/main/java/com/gestion/tpbackend/service/ContratoService.java. Using fallback presentation compiler.[0m
2026.04.14 16:54:00 INFO  no build target found for /home/notebook/Documentos/gdsi/GestorAlquileres/backend/src/main/java/com/gestion/tpbackend/service/ContratoService.java. Using fallback presentation compiler.[0m
2026.04.14 16:54:01 INFO  no build target found for /home/notebook/Documentos/gdsi/GestorAlquileres/backend/src/main/java/com/gestion/tpbackend/service/ContratoService.java. Using fallback presentation compiler.[0m
2026.04.14 16:54:01 INFO  no build target found for /home/notebook/Documentos/gdsi/GestorAlquileres/backend/src/main/java/com/gestion/tpbackend/controller/ContratoController.java. Using fallback presentation compiler.[0m
2026.04.14 16:54:01 INFO  no build target found for /home/notebook/Documentos/gdsi/GestorAlquileres/backend/src/main/java/com/gestion/tpbackend/service/ContratoService.java. Using fallback presentation compiler.[0m
2026.04.14 16:54:04 INFO  no build target found for /home/notebook/Documentos/gdsi/GestorAlquileres/backend/src/main/java/com/gestion/tpbackend/service/ContratoService.java. Using fallback presentation compiler.[0m
2026.04.14 16:54:04 INFO  no build target found for /home/notebook/Documentos/gdsi/GestorAlquileres/backend/src/main/java/com/gestion/tpbackend/service/ContratoService.java. Using fallback presentation compiler.[0m
2026.04.14 16:54:10 INFO  no build target found for /home/notebook/Documentos/gdsi/GestorAlquileres/backend/src/main/java/com/gestion/tpbackend/service/ContratoService.java. Using fallback presentation compiler.[0m
2026.04.14 16:54:11 INFO  no build target found for /home/notebook/Documentos/gdsi/GestorAlquileres/backend/src/main/java/com/gestion/tpbackend/repository/ContratoRepository.java. Using fallback presentation compiler.[0m
2026.04.14 16:54:11 INFO  no build target found for /home/notebook/Documentos/gdsi/GestorAlquileres/backend/src/main/java/com/gestion/tpbackend/repository/ContratoRepository.java. Using fallback presentation compiler.[0m
2026.04.14 16:54:16 INFO  no build target found for /home/notebook/Documentos/gdsi/GestorAlquileres/backend/src/main/java/com/gestion/tpbackend/service/ContratoService.java. Using fallback presentation compiler.[0m
2026.04.14 16:54:17 INFO  no build target found for /home/notebook/Documentos/gdsi/GestorAlquileres/backend/src/main/java/com/gestion/tpbackend/controller/ContratoController.java. Using fallback presentation compiler.[0m
2026.04.14 16:54:17 INFO  no build target found for /home/notebook/Documentos/gdsi/GestorAlquileres/backend/src/main/java/com/gestion/tpbackend/service/ContratoService.java. Using fallback presentation compiler.[0m
2026.04.14 16:54:18 INFO  no build target found for /home/notebook/Documentos/gdsi/GestorAlquileres/backend/src/main/java/com/gestion/tpbackend/service/ContratoService.java. Using fallback presentation compiler.[0m
2026.04.14 16:54:18 INFO  no build target found for /home/notebook/Documentos/gdsi/GestorAlquileres/backend/src/main/java/com/gestion/tpbackend/service/ContratoService.java. Using fallback presentation compiler.[0m
2026.04.14 16:54:19 INFO  no build target found for /home/notebook/Documentos/gdsi/GestorAlquileres/backend/src/main/java/com/gestion/tpbackend/service/ContratoService.java. Using fallback presentation compiler.[0m
2026.04.14 16:55:04 INFO  no build target found for /home/notebook/Documentos/gdsi/GestorAlquileres/backend/src/main/java/com/gestion/tpbackend/repository/ContratoRepository.java. Using fallback presentation compiler.[0m
2026.04.14 16:55:04 INFO  no build target found for /home/notebook/Documentos/gdsi/GestorAlquileres/backend/src/main/java/com/gestion/tpbackend/repository/ContratoRepository.java. Using fallback presentation compiler.[0m
2026.04.14 16:55:11 INFO  no build target found for /home/notebook/Documentos/gdsi/GestorAlquileres/backend/src/main/java/com/gestion/tpbackend/repository/ContratoRepository.java. Using fallback presentation compiler.[0m
2026.04.14 16:55:11 INFO  no build target found for /home/notebook/Documentos/gdsi/GestorAlquileres/backend/src/main/java/com/gestion/tpbackend/repository/ContratoRepository.java. Using fallback presentation compiler.[0m
2026.04.14 16:55:11 INFO  no build target found for /home/notebook/Documentos/gdsi/GestorAlquileres/backend/src/main/java/com/gestion/tpbackend/repository/ContratoRepository.java. Using fallback presentation compiler.[0m
2026.04.14 16:55:13 INFO  no build target found for /home/notebook/Documentos/gdsi/GestorAlquileres/backend/src/main/java/com/gestion/tpbackend/repository/ContratoRepository.java. Using fallback presentation compiler.[0m
2026.04.14 16:55:13 INFO  no build target found for /home/notebook/Documentos/gdsi/GestorAlquileres/backend/src/main/java/com/gestion/tpbackend/repository/ContratoRepository.java. Using fallback presentation compiler.[0m
2026.04.14 16:55:13 INFO  no build target found for /home/notebook/Documentos/gdsi/GestorAlquileres/backend/src/main/java/com/gestion/tpbackend/repository/ContratoRepository.java. Using fallback presentation compiler.[0m
2026.04.14 16:55:13 INFO  no build target found for /home/notebook/Documentos/gdsi/GestorAlquileres/backend/src/main/java/com/gestion/tpbackend/repository/ContratoRepository.java. Using fallback presentation compiler.[0m
2026.04.14 16:55:15 INFO  no build target found for /home/notebook/Documentos/gdsi/GestorAlquileres/backend/src/main/java/com/gestion/tpbackend/repository/ContratoRepository.java. Using fallback presentation compiler.[0m
2026.04.14 16:55:17 INFO  no build target found for /home/notebook/Documentos/gdsi/GestorAlquileres/backend/src/main/java/com/gestion/tpbackend/repository/ContratoRepository.java. Using fallback presentation compiler.[0m
2026.04.14 16:55:24 INFO  no build target found for /home/notebook/Documentos/gdsi/GestorAlquileres/backend/src/main/java/com/gestion/tpbackend/repository/UnidadRepository.java. Using fallback presentation compiler.[0m
2026.04.14 16:55:24 INFO  no build target found for /home/notebook/Documentos/gdsi/GestorAlquileres/backend/src/main/java/com/gestion/tpbackend/repository/UnidadRepository.java. Using fallback presentation compiler.[0m
2026.04.14 16:55:24 INFO  no build target found for /home/notebook/Documentos/gdsi/GestorAlquileres/backend/src/main/java/com/gestion/tpbackend/repository/UnidadRepository.java. Using fallback presentation compiler.[0m
2026.04.14 16:55:24 INFO  no build target found for /home/notebook/Documentos/gdsi/GestorAlquileres/backend/src/main/java/com/gestion/tpbackend/repository/UnidadRepository.java. Using fallback presentation compiler.[0m
2026.04.14 16:55:24 INFO  no build target found for /home/notebook/Documentos/gdsi/GestorAlquileres/backend/src/main/java/com/gestion/tpbackend/repository/UnidadRepository.java. Using fallback presentation compiler.[0m
2026.04.14 16:55:26 INFO  no build target found for /home/notebook/Documentos/gdsi/GestorAlquileres/backend/src/main/java/com/gestion/tpbackend/repository/UnidadRepository.java. Using fallback presentation compiler.[0m
2026.04.14 16:55:27 INFO  no build target found for /home/notebook/Documentos/gdsi/GestorAlquileres/backend/src/main/java/com/gestion/tpbackend/repository/UnidadRepository.java. Using fallback presentation compiler.[0m
2026.04.14 16:55:27 INFO  no build target found for /home/notebook/Documentos/gdsi/GestorAlquileres/backend/src/main/java/com/gestion/tpbackend/repository/UnidadRepository.java. Using fallback presentation compiler.[0m
2026.04.14 16:55:30 INFO  no build target found for /home/notebook/Documentos/gdsi/GestorAlquileres/backend/src/main/java/com/gestion/tpbackend/repository/UnidadRepository.java. Using fallback presentation compiler.[0m
2026.04.14 16:55:33 INFO  no build target found for /home/notebook/Documentos/gdsi/GestorAlquileres/backend/src/main/java/com/gestion/tpbackend/repository/ContratoRepository.java. Using fallback presentation compiler.[0m
2026.04.14 16:55:33 INFO  no build target found for /home/notebook/Documentos/gdsi/GestorAlquileres/backend/src/main/java/com/gestion/tpbackend/repository/ContratoRepository.java. Using fallback presentation compiler.[0m
2026.04.14 16:56:12 INFO  no build target found for /home/notebook/Documentos/gdsi/GestorAlquileres/backend/src/main/java/com/gestion/tpbackend/repository/ContratoRepository.java. Using fallback presentation compiler.[0m
2026.04.14 16:56:12 INFO  no build target found for /home/notebook/Documentos/gdsi/GestorAlquileres/backend/src/main/java/com/gestion/tpbackend/repository/ContratoRepository.java. Using fallback presentation compiler.[0m
2026.04.14 16:56:14 INFO  no build target found for /home/notebook/Documentos/gdsi/GestorAlquileres/backend/src/main/java/com/gestion/tpbackend/repository/ContratoRepository.java. Using fallback presentation compiler.[0m
2026.04.14 16:56:19 INFO  no build target found for /home/notebook/Documentos/gdsi/GestorAlquileres/backend/src/main/java/com/gestion/tpbackend/repository/ContratoRepository.java. Using fallback presentation compiler.[0m
2026.04.14 16:56:19 INFO  no build target found for /home/notebook/Documentos/gdsi/GestorAlquileres/backend/src/main/java/com/gestion/tpbackend/repository/ContratoRepository.java. Using fallback presentation compiler.[0m
2026.04.14 16:56:21 INFO  no build target found for /home/notebook/Documentos/gdsi/GestorAlquileres/backend/src/main/java/com/gestion/tpbackend/repository/ContratoRepository.java. Using fallback presentation compiler.[0m
2026.04.14 16:56:22 INFO  no build target found for /home/notebook/Documentos/gdsi/GestorAlquileres/backend/src/main/java/com/gestion/tpbackend/repository/ContratoRepository.java. Using fallback presentation compiler.[0m
2026.04.14 16:56:22 INFO  no build target found for /home/notebook/Documentos/gdsi/GestorAlquileres/backend/src/main/java/com/gestion/tpbackend/repository/ContratoRepository.java. Using fallback presentation compiler.[0m
2026.04.14 16:56:22 INFO  no build target found for /home/notebook/Documentos/gdsi/GestorAlquileres/backend/src/main/java/com/gestion/tpbackend/repository/ContratoRepository.java. Using fallback presentation compiler.[0m
2026.04.14 16:56:23 INFO  no build target found for /home/notebook/Documentos/gdsi/GestorAlquileres/backend/src/main/java/com/gestion/tpbackend/repository/ContratoRepository.java. Using fallback presentation compiler.[0m
2026.04.14 16:56:23 INFO  no build target found for /home/notebook/Documentos/gdsi/GestorAlquileres/backend/src/main/java/com/gestion/tpbackend/repository/ContratoRepository.java. Using fallback presentation compiler.[0m
2026.04.14 16:56:25 INFO  no build target found for /home/notebook/Documentos/gdsi/GestorAlquileres/backend/src/main/java/com/gestion/tpbackend/repository/ContratoRepository.java. Using fallback presentation compiler.[0m
2026.04.14 16:56:31 INFO  no build target found for /home/notebook/Documentos/gdsi/GestorAlquileres/backend/src/main/java/com/gestion/tpbackend/repository/ContratoRepository.java. Using fallback presentation compiler.[0m
2026.04.14 16:56:35 INFO  no build target found for /home/notebook/Documentos/gdsi/GestorAlquileres/backend/src/main/java/com/gestion/tpbackend/repository/ContratoRepository.java. Using fallback presentation compiler.[0m
2026.04.14 16:56:35 INFO  Created report: Optional[file:///home/notebook/Documentos/gdsi/GestorAlquileres/backend/src/main/java/com/gestion/tpbackend/repository/ContratoRepository.java][0m
2026.04.14 16:56:35 INFO  empty definition using pc, found symbol in pc: _empty_/JpaRepository# (full report at: "/home/notebook/Documentos/gdsi/GestorAlquileres/.metals/.reports/metals-full/2026-04-14/r_empty-definition_16-56-35-636.md")[0m
2026.04.14 16:56:36 INFO  no build target found for /home/notebook/Documentos/gdsi/GestorAlquileres/backend/src/main/java/com/gestion/tpbackend/repository/ContratoRepository.java. Using fallback presentation compiler.[0m
2026.04.14 16:56:36 INFO  no build target found for /home/notebook/Documentos/gdsi/GestorAlquileres/backend/src/main/java/com/gestion/tpbackend/repository/ContratoRepository.java. Using fallback presentation compiler.[0m
2026.04.14 16:56:36 INFO  no build target found for /home/notebook/Documentos/gdsi/GestorAlquileres/backend/src/main/java/com/gestion/tpbackend/repository/ContratoRepository.java. Using fallback presentation compiler.[0m
2026.04.14 16:56:38 INFO  no build target found for /home/notebook/Documentos/gdsi/GestorAlquileres/backend/src/main/java/com/gestion/tpbackend/repository/ContratoRepository.java. Using fallback presentation compiler.[0m
2026.04.14 16:56:38 INFO  Created report: Optional[file:///home/notebook/Documentos/gdsi/GestorAlquileres/backend/src/main/java/com/gestion/tpbackend/repository/ContratoRepository.java][0m
2026.04.14 16:56:38 INFO  missing def: JpaRepository# (full report at: "/home/notebook/Documentos/gdsi/GestorAlquileres/.metals/.reports/metals-full/2026-04-14/r_missing-definition_16-56-38-954.md")[0m
2026.04.14 16:56:38 INFO  no build target found for /home/notebook/Documentos/gdsi/GestorAlquileres/backend/src/main/java/com/gestion/tpbackend/repository/ContratoRepository.java. Using fallback presentation compiler.[0m
2026.04.14 16:56:40 INFO  no build target found for /home/notebook/Documentos/gdsi/GestorAlquileres/backend/src/main/java/com/gestion/tpbackend/repository/ContratoRepository.java. Using fallback presentation compiler.[0m
2026.04.14 16:56:40 INFO  no build target found for /home/notebook/Documentos/gdsi/GestorAlquileres/backend/src/main/java/com/gestion/tpbackend/repository/ContratoRepository.java. Using fallback presentation compiler.[0m
2026.04.14 16:56:41 INFO  no build target found for /home/notebook/Documentos/gdsi/GestorAlquileres/backend/src/main/java/com/gestion/tpbackend/repository/ContratoRepository.java. Using fallback presentation compiler.[0m
2026.04.14 16:56:41 INFO  Created report: Optional[file:///home/notebook/Documentos/gdsi/GestorAlquileres/backend/src/main/java/com/gestion/tpbackend/repository/ContratoRepository.java][0m
2026.04.14 16:56:41 INFO  empty definition using pc, found symbol in pc: org/springframework/data/jpa/repository/JpaRepository# (full report at: "/home/notebook/Documentos/gdsi/GestorAlquileres/.metals/.reports/metals-full/2026-04-14/r_empty-definition_16-56-41-693.md")[0m
2026.04.14 16:56:43 INFO  no build target found for /home/notebook/Documentos/gdsi/GestorAlquileres/backend/src/main/java/com/gestion/tpbackend/repository/ContratoRepository.java. Using fallback presentation compiler.[0m
2026.04.14 16:56:43 INFO  no build target found for /home/notebook/Documentos/gdsi/GestorAlquileres/backend/src/main/java/com/gestion/tpbackend/repository/ContratoRepository.java. Using fallback presentation compiler.[0m
2026.04.14 16:57:10 INFO  no build target found for /home/notebook/Documentos/gdsi/GestorAlquileres/backend/src/main/java/com/gestion/tpbackend/service/ContratoService.java. Using fallback presentation compiler.[0m
2026.04.14 16:57:10 INFO  no build target found for /home/notebook/Documentos/gdsi/GestorAlquileres/backend/src/main/java/com/gestion/tpbackend/service/ContratoService.java. Using fallback presentation compiler.[0m
2026.04.14 16:57:14 INFO  no build target found for /home/notebook/Documentos/gdsi/GestorAlquileres/backend/src/main/java/com/gestion/tpbackend/controller/ContratoController.java. Using fallback presentation compiler.[0m
2026.04.14 16:57:14 INFO  no build target found for /home/notebook/Documentos/gdsi/GestorAlquileres/backend/src/main/java/com/gestion/tpbackend/controller/ContratoController.java. Using fallback presentation compiler.[0m
2026.04.14 16:57:14 INFO  no build target found for /home/notebook/Documentos/gdsi/GestorAlquileres/backend/src/main/java/com/gestion/tpbackend/controller/ContratoController.java. Using fallback presentation compiler.[0m
2026.04.14 16:57:16 INFO  no build target found for /home/notebook/Documentos/gdsi/GestorAlquileres/backend/src/main/java/com/gestion/tpbackend/controller/ContratoController.java. Using fallback presentation compiler.[0m
2026.04.14 16:57:16 INFO  no build target found for /home/notebook/Documentos/gdsi/GestorAlquileres/backend/src/main/java/com/gestion/tpbackend/service/ContratoService.java. Using fallback presentation compiler.[0m
2026.04.14 16:57:19 INFO  no build target found for /home/notebook/Documentos/gdsi/GestorAlquileres/backend/src/main/java/com/gestion/tpbackend/repository/ContratoRepository.java. Using fallback presentation compiler.[0m
2026.04.14 16:57:19 INFO  no build target found for /home/notebook/Documentos/gdsi/GestorAlquileres/backend/src/main/java/com/gestion/tpbackend/repository/ContratoRepository.java. Using fallback presentation compiler.[0m
2026.04.14 16:57:22 INFO  no build target found for /home/notebook/Documentos/gdsi/GestorAlquileres/backend/src/main/java/com/gestion/tpbackend/repository/ContratoRepository.java. Using fallback presentation compiler.[0m
2026.04.14 16:57:22 INFO  no build target found for /home/notebook/Documentos/gdsi/GestorAlquileres/backend/src/main/java/com/gestion/tpbackend/repository/ContratoRepository.java. Using fallback presentation compiler.[0m
2026.04.14 16:57:22 INFO  no build target found for /home/notebook/Documentos/gdsi/GestorAlquileres/backend/src/main/java/com/gestion/tpbackend/repository/ContratoRepository.java. Using fallback presentation compiler.[0m
2026.04.14 16:57:24 INFO  no build target found for /home/notebook/Documentos/gdsi/GestorAlquileres/backend/src/main/java/com/gestion/tpbackend/repository/ContratoRepository.java. Using fallback presentation compiler.[0m
2026.04.14 16:57:24 INFO  no build target found for /home/notebook/Documentos/gdsi/GestorAlquileres/backend/src/main/java/com/gestion/tpbackend/repository/ContratoRepository.java. Using fallback presentation compiler.[0m
2026.04.14 16:57:26 INFO  no build target found for /home/notebook/Documentos/gdsi/GestorAlquileres/backend/src/main/java/com/gestion/tpbackend/controller/ContratoController.java. Using fallback presentation compiler.[0m
2026.04.14 16:57:26 INFO  no build target found for /home/notebook/Documentos/gdsi/GestorAlquileres/backend/src/main/java/com/gestion/tpbackend/service/ContratoService.java. Using fallback presentation compiler.[0m
2026.04.14 16:57:27 INFO  no build target found for /home/notebook/Documentos/gdsi/GestorAlquileres/backend/src/main/java/com/gestion/tpbackend/controller/ContratoController.java. Using fallback presentation compiler.[0m
2026.04.14 16:57:27 INFO  no build target found for /home/notebook/Documentos/gdsi/GestorAlquileres/backend/src/main/java/com/gestion/tpbackend/controller/ContratoController.java. Using fallback presentation compiler.[0m
2026.04.14 16:57:27 INFO  no build target found for /home/notebook/Documentos/gdsi/GestorAlquileres/backend/src/main/java/com/gestion/tpbackend/service/ContratoService.java. Using fallback presentation compiler.[0m
2026.04.14 16:57:27 INFO  no build target found for /home/notebook/Documentos/gdsi/GestorAlquileres/backend/src/main/java/com/gestion/tpbackend/service/ContratoService.java. Using fallback presentation compiler.[0m
2026.04.14 16:57:29 INFO  no build target found for /home/notebook/Documentos/gdsi/GestorAlquileres/backend/src/main/java/com/gestion/tpbackend/service/ContratoService.java. Using fallback presentation compiler.[0m
2026.04.14 16:57:30 INFO  no build target found for /home/notebook/Documentos/gdsi/GestorAlquileres/backend/src/main/java/com/gestion/tpbackend/service/ContratoService.java. Using fallback presentation compiler.[0m
2026.04.14 16:57:33 INFO  no build target found for /home/notebook/Documentos/gdsi/GestorAlquileres/backend/src/main/java/com/gestion/tpbackend/service/ContratoService.java. Using fallback presentation compiler.[0m
2026.04.14 16:57:34 INFO  no build target found for /home/notebook/Documentos/gdsi/GestorAlquileres/backend/src/main/java/com/gestion/tpbackend/controller/ContratoController.java. Using fallback presentation compiler.[0m
2026.04.14 16:57:34 INFO  no build target found for /home/notebook/Documentos/gdsi/GestorAlquileres/backend/src/main/java/com/gestion/tpbackend/controller/ContratoController.java. Using fallback presentation compiler.[0m
2026.04.14 16:57:34 INFO  no build target found for /home/notebook/Documentos/gdsi/GestorAlquileres/backend/src/main/java/com/gestion/tpbackend/controller/ContratoController.java. Using fallback presentation compiler.[0m
2026.04.14 16:57:36 INFO  no build target found for /home/notebook/Documentos/gdsi/GestorAlquileres/backend/src/main/java/com/gestion/tpbackend/controller/ContratoController.java. Using fallback presentation compiler.[0m
2026.04.14 16:58:25 INFO  no build target found for /home/notebook/Documentos/gdsi/GestorAlquileres/backend/src/main/java/com/gestion/tpbackend/repository/UnidadRepository.java. Using fallback presentation compiler.[0m
2026.04.14 17:00:26 INFO  no build target found for /home/notebook/Documentos/gdsi/GestorAlquileres/backend/src/main/java/com/gestion/tpbackend/controller/ContratoController.java. Using fallback presentation compiler.[0m
2026.04.14 17:00:26 INFO  no build target found for /home/notebook/Documentos/gdsi/GestorAlquileres/backend/src/main/java/com/gestion/tpbackend/service/ContratoService.java. Using fallback presentation compiler.[0m
2026.04.14 17:03:31 INFO  no build target found for /home/notebook/Documentos/gdsi/GestorAlquileres/backend/src/main/java/com/gestion/tpbackend/controller/ContratoController.java. Using fallback presentation compiler.[0m
2026.04.14 17:06:33 INFO  no build target found for /home/notebook/Documentos/gdsi/GestorAlquileres/backend/src/main/java/com/gestion/tpbackend/controller/ContratoController.java. Using fallback presentation compiler.[0m
2026.04.14 17:09:33 INFO  no build target found for /home/notebook/Documentos/gdsi/GestorAlquileres/backend/src/main/java/com/gestion/tpbackend/controller/ContratoController.java. Using fallback presentation compiler.[0m
2026.04.14 17:12:34 INFO  no build target found for /home/notebook/Documentos/gdsi/GestorAlquileres/backend/src/main/java/com/gestion/tpbackend/controller/ContratoController.java. Using fallback presentation compiler.[0m
2026.04.14 17:15:36 INFO  no build target found for /home/notebook/Documentos/gdsi/GestorAlquileres/backend/src/main/java/com/gestion/tpbackend/controller/ContratoController.java. Using fallback presentation compiler.[0m
2026.04.14 17:17:22 INFO  no build target found for /home/notebook/Documentos/gdsi/GestorAlquileres/backend/src/main/java/com/gestion/tpbackend/service/ContratoService.java. Using fallback presentation compiler.[0m
2026.04.14 17:17:28 INFO  no build target found for /home/notebook/Documentos/gdsi/GestorAlquileres/backend/src/main/java/com/gestion/tpbackend/service/ContratoService.java. Using fallback presentation compiler.[0m
2026.04.14 17:18:37 INFO  no build target found for /home/notebook/Documentos/gdsi/GestorAlquileres/backend/src/main/java/com/gestion/tpbackend/controller/ContratoController.java. Using fallback presentation compiler.[0m
2026.04.14 17:20:22 INFO  no build target found for /home/notebook/Documentos/gdsi/GestorAlquileres/backend/src/main/java/com/gestion/tpbackend/service/ContratoService.java. Using fallback presentation compiler.[0m
2026.04.14 17:20:39 INFO  no build target found for /home/notebook/Documentos/gdsi/GestorAlquileres/backend/src/main/java/com/gestion/tpbackend/repository/ContratoRepository.java. Using fallback presentation compiler.[0m
